android/build/intermediates/manifest_merge_blame_file/debug/manifest-merger-blame-debug-report.txt
1<?xml version="1.0" encoding="utf-8"?>
2<manifest xmlns:android="http://schemas.android.com/apk/res/android"
3    package="com.ReactNativeBlobUtil" >
4
5    <uses-sdk android:minSdkVersion="23" />
6
7    <!-- Required to download files from Google Play -->
8    <uses-permission android:name="android.permission.INTERNET" />
8-->src/main/AndroidManifest.xml:4:5-67
8-->src/main/AndroidManifest.xml:4:22-64
9
10    <!--
11         Required to keep CPU alive while downloading files
12        (NOT to keep screen awake)
13    -->
14    <uses-permission android:name="android.permission.WAKE_LOCK" />
14-->src/main/AndroidManifest.xml:8:5-68
14-->src/main/AndroidManifest.xml:8:22-65
15
16    <!--
17         Required to poll the state of the network connection
18        and respond to changes
19    -->
20    <uses-permission android:name="android.permission.ACCESS_NETWORK_STATE" />
20-->src/main/AndroidManifest.xml:12:5-79
20-->src/main/AndroidManifest.xml:12:22-76
21
22    <!-- Required to check whether Wi-Fi is enabled -->
23    <uses-permission android:name="android.permission.ACCESS_WIFI_STATE" />
23-->src/main/AndroidManifest.xml:15:5-76
23-->src/main/AndroidManifest.xml:15:22-73
24
25    <!-- Required to read and write the expansion files on shared storage -->
26    <uses-permission android:name="android.permission.WRITE_EXTERNAL_STORAGE" />
26-->src/main/AndroidManifest.xml:18:5-81
26-->src/main/AndroidManifest.xml:18:22-78
27
28    <!-- Required to read and write the expansion files on shared storage for Android 11 -->
29    <uses-permission android:name="android.permission.READ_EXTERNAL_STORAGE" />
29-->src/main/AndroidManifest.xml:21:5-80
29-->src/main/AndroidManifest.xml:21:22-77
30
31    <!-- Required to to download files without a notification -->
32    <uses-permission android:name="android.permission.DOWNLOAD_WITHOUT_NOTIFICATION" />
32-->src/main/AndroidManifest.xml:24:5-87
32-->src/main/AndroidManifest.xml:24:22-85
33
34    <application>
34-->src/main/AndroidManifest.xml:26:5-36:19
35        <provider
35-->src/main/AndroidManifest.xml:27:9-35:20
36            android:name="com.ReactNativeBlobUtil.Utils.FileProvider"
36-->src/main/AndroidManifest.xml:28:13-70
37            android:authorities="${applicationId}.provider"
37-->src/main/AndroidManifest.xml:29:13-60
38            android:exported="false"
38-->src/main/AndroidManifest.xml:30:13-37
39            android:grantUriPermissions="true" >
39-->src/main/AndroidManifest.xml:31:13-47
40            <meta-data
40-->src/main/AndroidManifest.xml:32:13-34:58
41                android:name="android.support.FILE_PROVIDER_PATHS"
41-->src/main/AndroidManifest.xml:33:17-67
42                android:resource="@xml/provider_paths" />
42-->src/main/AndroidManifest.xml:34:17-55
43        </provider>
44    </application>
45
46</manifest>